[35m[Appium][39m Welcome to Appium v1.22.3
[35m[Appium][39m Non-default server args:
[35m[Appium][39m   port: 51238
[35m[Appium][39m   loglevel: info
[35m[Appium][39m   tmpDir: /var/folders/kk/jl9dys3n4x10m_dz1yhqbsyh0000gn/T//Katalon/Appium/Temp1678809345523
[35m[Appium][39m   chromedriverPort: 51239
[35m[Appium][39m Deprecated server args:
[35m[Appium][39m   [31m--chromedriver-port[39m => --default-capabilities
[35m[Appium][39m Default capabilities, which will be added to each request unless overridden by desired capabilities:
[35m[Appium][39m   chromedriverPort: 51239
[35m[Appium][39m Appium REST http interface listener started on 0.0.0.0:51238
[35m[HTTP][39m [37m-->[39m [37mGET[39m [37m/wd/hub/status[39m
[35m[HTTP][39m [90m{}[39m
[35m[HTTP][39m [37m<-- GET /wd/hub/status [39m[32m200[39m [90m2 ms - 68[39m
[35m[HTTP][39m [90m[39m
[35m[HTTP][39m [37m-->[39m [37mGET[39m [37m/wd/hub/status[39m
[35m[HTTP][39m [90m{}[39m
[35m[HTTP][39m [37m<-- GET /wd/hub/status [39m[32m200[39m [90m0 ms - 68[39m
[35m[HTTP][39m [90m[39m
[35m[HTTP][39m [37m-->[39m [37mPOST[39m [37m/wd/hub/session[39m
[35m[HTTP][39m [90m{"desiredCapabilities":{"appActivity":".Settings","appPackage":"com.android.settings","newCommandTimeout":1800,"platformVersion":"12","automationName":"uiautomator2","autoGrantPermissions":true,"platformName":"Android","udid":"RR8M20MBJGW","deviceName":"samsung SM-G975F (Android 12)","platform":"ANDROID","systemPort":8204},"capabilities":{"firstMatch":[{"appium:appActivity":".Settings","appium:appPackage":"com.android.settings","appium:autoGrantPermissions":true,"appium:automationName":"uiautomator2","appium:deviceName":"samsung SM-G975F (Android 12)","appium:newCommandTimeout":1800,"platform":"ANDROID","platformName":"android","appium:platformVersion":"12","appium:systemPort":8204,"appium:udid":"RR8M20MBJGW"}]}}[39m
[35m[BaseDriver][39m The following capabilities are not standard capabilities and should have an extension prefix:
[35m[BaseDriver][39m   platform
[35m[BaseDriver][39m   chromedriverPort
[35m[Appium][39m Appium v1.22.3 creating new AndroidUiautomator2Driver (v1.70.1) session
[35m[BaseDriver][39m The following capabilities were provided, but are not recognized by Appium:
[35m[BaseDriver][39m   platform
[35m[BaseDriver][39m Session created with session id: d21040b1-1dbe-4923-a15d-d67e41b50c9e
[35m[UiAutomator2][39m Starting 'com.android.settings' directly on the device
[35m[ADB][39m Found 1 'build-tools' folders under '/Users/nikojona/.katalon/tools/android_sdk' (newest first):
[35m[ADB][39m     /Users/nikojona/.katalon/tools/android_sdk/build-tools/29.0.3
[35m[ADB][39m Using 'adb' from '/Users/nikojona/.katalon/tools/android_sdk/platform-tools/adb'
[35m[AndroidDriver][39m Retrieving device list
[35m[AndroidDriver][39m Using device: RR8M20MBJGW
[35m[ADB][39m Using 'adb' from '/Users/nikojona/.katalon/tools/android_sdk/platform-tools/adb'
[35m[ADB][39m Getting device platform version
[35m[UiAutomator2][39m Relaxing hidden api policy
[35m[AndroidDriver][39m No app sent in, not parsing package/activity
[35m[ADB][39m Using 'apksigner.jar' from '/Users/nikojona/.katalon/tools/android_sdk/build-tools/29.0.3/lib/apksigner.jar'
[35m[ADB][39m '/usr/local/lib/node_modules/appium/node_modules/appium-uiautomator2-server/apks/appium-uiautomator2-server-v4.27.0.apk' is signed with the default certificate
[35m[ADB][39m '/usr/local/lib/node_modules/appium/node_modules/appium-uiautomator2-server/apks/appium-uiautomator2-server-debug-androidTest.apk' is signed with the default certificate
[35m[UiAutomator2][39m Server packages are not going to be (re)installed
[35m[ADB][39m Adding packages ["io.appium.settings","io.appium.uiautomator2.server","io.appium.uiautomator2.server.test"] to Doze whitelist
[35m[ADB][39m com.android.settings contains no permissions available for granting
[35m[UiAutomator2][39m Starting UIAutomator2 server 4.27.0
[35m[UiAutomator2][39m Using UIAutomator2 server from '/usr/local/lib/node_modules/appium/node_modules/appium-uiautomator2-server/apks/appium-uiautomator2-server-v4.27.0.apk' and test from '/usr/local/lib/node_modules/appium/node_modules/appium-uiautomator2-server/apks/appium-uiautomator2-server-debug-androidTest.apk'
[35m[UiAutomator2][39m Waiting up to 30000ms for UiAutomator2 to be online...
[35m[WD Proxy][39m socket hang up
[35m[WD Proxy][39m socket hang up
[35m[WD Proxy][39m Determined the downstream protocol as 'W3C'
[35m[AndroidDriver][39m Screen already unlocked, doing nothing
[35m[UiAutomator2][39m Starting 'com.android.settings/.Settings and waiting for 'com.android.settings/.Settings'
[35m[Appium][39m New AndroidUiautomator2Driver session created successfully, session d21040b1-1dbe-4923-a15d-d67e41b50c9e added to master session list
[35m[HTTP][39m [37m<-- POST /wd/hub/session [39m[32m200[39m [90m7740 ms - 1160[39m
[35m[HTTP][39m [90m[39m
[35m[HTTP][39m [37m-->[39m [37mGET[39m [37m/wd/hub/session/d21040b1-1dbe-4923-a15d-d67e41b50c9e[39m
[35m[HTTP][39m [90m{}[39m
[35m[HTTP][39m [37m<-- GET /wd/hub/session/d21040b1-1dbe-4923-a15d-d67e41b50c9e [39m[32m200[39m [90m7 ms - 1114[39m
[35m[HTTP][39m [90m[39m
[35m[HTTP][39m [37m-->[39m [37mGET[39m [37m/wd/hub/session/d21040b1-1dbe-4923-a15d-d67e41b50c9e[39m
[35m[HTTP][39m [90m{}[39m
[35m[HTTP][39m [37m<-- GET /wd/hub/session/d21040b1-1dbe-4923-a15d-d67e41b50c9e [39m[32m200[39m [90m6 ms - 1114[39m
[35m[HTTP][39m [90m[39m
[35m[HTTP][39m [37m-->[39m [37mGET[39m [37m/wd/hub/status[39m
[35m[HTTP][39m [90m{}[39m
[35m[HTTP][39m [37m<-- GET /wd/hub/status [39m[32m200[39m [90m0 ms - 68[39m
[35m[HTTP][39m [90m[39m
[35m[HTTP][39m [37m-->[39m [37mPOST[39m [37m/wd/hub/session/d21040b1-1dbe-4923-a15d-d67e41b50c9e/timeouts[39m
[35m[HTTP][39m [90m{"implicit":60000}[39m
[35m[HTTP][39m [37m<-- POST /wd/hub/session/d21040b1-1dbe-4923-a15d-d67e41b50c9e/timeouts [39m[32m200[39m [90m1 ms - 14[39m
[35m[HTTP][39m [90m[39m
[35m[HTTP][39m [37m-->[39m [37mGET[39m [37m/wd/hub/session/d21040b1-1dbe-4923-a15d-d67e41b50c9e/screenshot[39m
[35m[HTTP][39m [90m{}[39m
[35m[HTTP][39m [37m<-- GET /wd/hub/session/d21040b1-1dbe-4923-a15d-d67e41b50c9e/screenshot [39m[32m200[39m [90m422 ms - 189060[39m
[35m[HTTP][39m [90m[39m
[35m[HTTP][39m [37m-->[39m [37mGET[39m [37m/wd/hub/session/d21040b1-1dbe-4923-a15d-d67e41b50c9e/window/rect[39m
[35m[HTTP][39m [90m{}[39m
[35m[HTTP][39m [37m<-- GET /wd/hub/session/d21040b1-1dbe-4923-a15d-d67e41b50c9e/window/rect [39m[32m200[39m [90m15 ms - 50[39m
[35m[HTTP][39m [90m[39m
[35m[HTTP][39m [37m-->[39m [37mGET[39m [37m/wd/hub/session/d21040b1-1dbe-4923-a15d-d67e41b50c9e/appium/device/system_bars[39m
[35m[HTTP][39m [90m{}[39m
[35m[HTTP][39m [37m<-- GET /wd/hub/session/d21040b1-1dbe-4923-a15d-d67e41b50c9e/appium/device/system_bars [39m[32m200[39m [90m120 ms - 145[39m
[35m[HTTP][39m [90m[39m
[35m[HTTP][39m [37m-->[39m [37mPOST[39m [37m/wd/hub/session/d21040b1-1dbe-4923-a15d-d67e41b50c9e/appium/device/activate_app[39m
[35m[HTTP][39m [90m{"bundleId":"com.flashcoffee"}[39m
[35m[HTTP][39m [37m<-- POST /wd/hub/session/d21040b1-1dbe-4923-a15d-d67e41b50c9e/appium/device/activate_app [39m[32m200[39m [90m530 ms - 14[39m
[35m[HTTP][39m [90m[39m
[35m[HTTP][39m [37m-->[39m [37mGET[39m [37m/wd/hub/session/d21040b1-1dbe-4923-a15d-d67e41b50c9e/source[39m
[35m[HTTP][39m [90m{}[39m
[35m[W3C (d21040b1)][39m Driver proxy active, passing request on via HTTP proxy
[35m[WD Proxy][39m Replacing sessionId 6aff7d78-2177-438c-a453-12765faa841d with d21040b1-1dbe-4923-a15d-d67e41b50c9e
[35m[HTTP][39m [37m<-- GET /wd/hub/session/d21040b1-1dbe-4923-a15d-d67e41b50c9e/source [39m[32m200[39m [90m1116 ms - 44129[39m
[35m[HTTP][39m [90m[39m
[35m[HTTP][39m [37m-->[39m [37mGET[39m [37m/wd/hub/session/d21040b1-1dbe-4923-a15d-d67e41b50c9e/screenshot[39m
[35m[HTTP][39m [90m{}[39m
[35m[HTTP][39m [37m<-- GET /wd/hub/session/d21040b1-1dbe-4923-a15d-d67e41b50c9e/screenshot [39m[32m200[39m [90m367 ms - 91130[39m
[35m[HTTP][39m [90m[39m
[35m[HTTP][39m [37m-->[39m [37mPOST[39m [37m/wd/hub/session/d21040b1-1dbe-4923-a15d-d67e41b50c9e/elements[39m
[35m[HTTP][39m [90m{"using":"xpath","value":"//*[@class = 'hierarchy']"}[39m
[35m[HTTP][39m [37m<-- POST /wd/hub/session/d21040b1-1dbe-4923-a15d-d67e41b50c9e/elements [39m[32m200[39m [90m60212 ms - 12[39m
[35m[HTTP][39m [90m[39m
[35m[HTTP][39m [37m-->[39m [37mPOST[39m [37m/wd/hub/session/d21040b1-1dbe-4923-a15d-d67e41b50c9e/elements[39m
[35m[HTTP][39m [90m{"using":"-android uiautomator","value":"new UiSelector().className(\"hierarchy\")"}[39m
[35m[HTTP][39m [37m<-- POST /wd/hub/session/d21040b1-1dbe-4923-a15d-d67e41b50c9e/elements [39m[32m200[39m [90m60188 ms - 12[39m
[35m[HTTP][39m [90m[39m
[35m[HTTP][39m [37m-->[39m [37mGET[39m [37m/wd/hub/session/d21040b1-1dbe-4923-a15d-d67e41b50c9e/source[39m
[35m[HTTP][39m [90m{}[39m
[35m[W3C (d21040b1)][39m Driver proxy active, passing request on via HTTP proxy
[35m[WD Proxy][39m Replacing sessionId 6aff7d78-2177-438c-a453-12765faa841d with d21040b1-1dbe-4923-a15d-d67e41b50c9e
[35m[HTTP][39m [37m<-- GET /wd/hub/session/d21040b1-1dbe-4923-a15d-d67e41b50c9e/source [39m[32m200[39m [90m400 ms - 75748[39m
[35m[HTTP][39m [90m[39m
[35m[HTTP][39m [37m-->[39m [37mGET[39m [37m/wd/hub/session/d21040b1-1dbe-4923-a15d-d67e41b50c9e/screenshot[39m
[35m[HTTP][39m [90m{}[39m
[35m[HTTP][39m [37m<-- GET /wd/hub/session/d21040b1-1dbe-4923-a15d-d67e41b50c9e/screenshot [39m[32m200[39m [90m510 ms - 478596[39m
[35m[HTTP][39m [90m[39m
[35m[HTTP][39m [37m-->[39m [37mPOST[39m [37m/wd/hub/session/d21040b1-1dbe-4923-a15d-d67e41b50c9e/elements[39m
[35m[HTTP][39m [90m{"using":"xpath","value":"//*[@class = 'android.widget.TextView' and (@text = 'Order Now' or . = 'Order Now') and @resource-id = 'checkout_txtOrderNow']"}[39m
[35m[HTTP][39m [37m<-- POST /wd/hub/session/d21040b1-1dbe-4923-a15d-d67e41b50c9e/elements [39m[32m200[39m [90m371 ms - 139[39m
[35m[HTTP][39m [90m[39m
[35m[HTTP][39m [37m-->[39m [37mPOST[39m [37m/wd/hub/session/d21040b1-1dbe-4923-a15d-d67e41b50c9e/elements[39m
[35m[HTTP][39m [90m{"using":"xpath","value":"//*[@class = 'android.view.ViewGroup' and (@text = '' or . = '')]"}[39m
[35m[HTTP][39m [37m<-- POST /wd/hub/session/d21040b1-1dbe-4923-a15d-d67e41b50c9e/elements [39m[32m200[39m [90m371 ms - 13579[39m
[35m[HTTP][39m [90m[39m
[35m[HTTP][39m [37m-->[39m [37mPOST[39m [37m/wd/hub/session/d21040b1-1dbe-4923-a15d-d67e41b50c9e/elements[39m
[35m[HTTP][39m [90m{"using":"-android uiautomator","value":"new UiSelector().className(\"android.view.ViewGroup\")"}[39m
[35m[HTTP][39m [37m<-- POST /wd/hub/session/d21040b1-1dbe-4923-a15d-d67e41b50c9e/elements [39m[32m200[39m [90m468 ms - 13579[39m
[35m[HTTP][39m [90m[39m
[35m[HTTP][39m [37m-->[39m [37mPOST[39m [37m/wd/hub/session/d21040b1-1dbe-4923-a15d-d67e41b50c9e/elements[39m
[35m[HTTP][39m [90m{"using":"xpath","value":"//*[@class = 'android.widget.TextView' and (@text = 'Use voucher to get discount' or . = 'Use voucher to get discount') and @resource-id = 'checkout_txtPromotion']"}[39m
[35m[HTTP][39m [37m<-- POST /wd/hub/session/d21040b1-1dbe-4923-a15d-d67e41b50c9e/elements [39m[32m200[39m [90m366 ms - 139[39m
[35m[HTTP][39m [90m[39m
[35m[HTTP][39m [37m-->[39m [37mPOST[39m [37m/wd/hub/session/d21040b1-1dbe-4923-a15d-d67e41b50c9e/elements[39m
[35m[HTTP][39m [90m{"using":"xpath","value":"//*[@class = 'android.view.ViewGroup' and (@text = '' or . = '')]"}[39m
[35m[HTTP][39m [37m<-- POST /wd/hub/session/d21040b1-1dbe-4923-a15d-d67e41b50c9e/elements [39m[32m200[39m [90m336 ms - 13579[39m
[35m[HTTP][39m [90m[39m
[35m[HTTP][39m [37m-->[39m [37mPOST[39m [37m/wd/hub/session/d21040b1-1dbe-4923-a15d-d67e41b50c9e/elements[39m
[35m[HTTP][39m [90m{"using":"-android uiautomator","value":"new UiSelector().className(\"android.view.ViewGroup\")"}[39m
[35m[HTTP][39m [37m<-- POST /wd/hub/session/d21040b1-1dbe-4923-a15d-d67e41b50c9e/elements [39m[32m200[39m [90m471 ms - 13579[39m
[35m[HTTP][39m [90m[39m
[35m[HTTP][39m [37m-->[39m [37mPOST[39m [37m/wd/hub/session/d21040b1-1dbe-4923-a15d-d67e41b50c9e/elements[39m
[35m[HTTP][39m [90m{"using":"xpath","value":"//*[@class = 'android.view.ViewGroup' and (@text = '' or . = '')]"}[39m
[35m[HTTP][39m [37m<-- POST /wd/hub/session/d21040b1-1dbe-4923-a15d-d67e41b50c9e/elements [39m[32m200[39m [90m212 ms - 139[39m
[35m[HTTP][39m [90m[39m
[35m[HTTP][39m [37m-->[39m [37mPOST[39m [37m/wd/hub/session/d21040b1-1dbe-4923-a15d-d67e41b50c9e/elements[39m
[35m[HTTP][39m [90m{"using":"xpath","value":"//*[@class = 'android.widget.TextView' and (@text = 'Rawamangun' or . = 'Rawamangun')]"}[39m
[35m[HTTP][39m [37m<-- POST /wd/hub/session/d21040b1-1dbe-4923-a15d-d67e41b50c9e/elements [39m[32m200[39m [90m33603 ms - 139[39m
[35m[HTTP][39m [90m[39m
[35m[HTTP][39m [37m-->[39m [37mPOST[39m [37m/wd/hub/session/d21040b1-1dbe-4923-a15d-d67e41b50c9e/elements[39m
[35m[HTTP][39m [90m{"using":"xpath","value":"//*[@class = 'android.widget.TextView' and (@text = 'Nearest • 1.40 km away' or . = 'Nearest • 1.40 km away')]"}[39m
[35m[HTTP][39m [37m<-- POST /wd/hub/session/d21040b1-1dbe-4923-a15d-d67e41b50c9e/elements [39m[32m200[39m [90m620 ms - 139[39m
[35m[HTTP][39m [90m[39m
[35m[HTTP][39m [37m-->[39m [37mPOST[39m [37m/wd/hub/session/d21040b1-1dbe-4923-a15d-d67e41b50c9e/elements[39m
[35m[HTTP][39m [90m{"using":"xpath","value":"//*[@class = 'android.widget.TextView' and (@text = 'PICKUP' or . = 'PICKUP')]"}[39m
[35m[HTTP][39m [37m<-- POST /wd/hub/session/d21040b1-1dbe-4923-a15d-d67e41b50c9e/elements [39m[32m200[39m [90m326 ms - 139[39m
[35m[HTTP][39m [90m[39m
[35m[HTTP][39m [37m-->[39m [37mPOST[39m [37m/wd/hub/session/d21040b1-1dbe-4923-a15d-d67e41b50c9e/elements[39m
[35m[HTTP][39m [90m{"using":"xpath","value":"//*[@class = 'android.view.ViewGroup' and (@text = '' or . = '')]"}[39m
[35m[HTTP][39m [37m<-- POST /wd/hub/session/d21040b1-1dbe-4923-a15d-d67e41b50c9e/elements [39m[32m200[39m [90m310 ms - 13323[39m
[35m[HTTP][39m [90m[39m
[35m[HTTP][39m [37m-->[39m [37mPOST[39m [37m/wd/hub/session/d21040b1-1dbe-4923-a15d-d67e41b50c9e/elements[39m
[35m[HTTP][39m [90m{"using":"-android uiautomator","value":"new UiSelector().className(\"android.view.ViewGroup\")"}[39m
[35m[HTTP][39m [37m<-- POST /wd/hub/session/d21040b1-1dbe-4923-a15d-d67e41b50c9e/elements [39m[32m200[39m [90m424 ms - 13323[39m
[35m[HTTP][39m [90m[39m
[35m[HTTP][39m [37m-->[39m [37mPOST[39m [37m/wd/hub/session/d21040b1-1dbe-4923-a15d-d67e41b50c9e/elements[39m
[35m[HTTP][39m [90m{"using":"xpath","value":"//*[@class = 'android.widget.TextView' and (@text = 'ORDER SUMMARY' or . = 'ORDER SUMMARY') and @resource-id = 'checkout_txtOrderSummary']"}[39m
[35m[HTTP][39m [37m<-- POST /wd/hub/session/d21040b1-1dbe-4923-a15d-d67e41b50c9e/elements [39m[32m200[39m [90m320 ms - 139[39m
[35m[HTTP][39m [90m[39m
[35m[HTTP][39m [37m-->[39m [37mPOST[39m [37m/wd/hub/session/d21040b1-1dbe-4923-a15d-d67e41b50c9e/elements[39m
[35m[HTTP][39m [90m{"using":"xpath","value":"//*[@class = 'android.widget.TextView' and (@text = 'ASAP (within 10 minutes)' or . = 'ASAP (within 10 minutes)')]"}[39m
[35m[HTTP][39m [37m<-- POST /wd/hub/session/d21040b1-1dbe-4923-a15d-d67e41b50c9e/elements [39m[32m200[39m [90m300 ms - 139[39m
[35m[HTTP][39m [90m[39m
[35m[HTTP][39m [37m-->[39m [37mPOST[39m [37m/wd/hub/session/d21040b1-1dbe-4923-a15d-d67e41b50c9e/elements[39m
[35m[HTTP][39m [90m{"using":"xpath","value":"//*[@class = 'android.widget.TextView' and (@text = '23:25' or . = '23:25')]"}[39m
[35m[HTTP][39m [37m<-- POST /wd/hub/session/d21040b1-1dbe-4923-a15d-d67e41b50c9e/elements [39m[32m200[39m [90m60252 ms - 12[39m
[35m[HTTP][39m [90m[39m
[35m[HTTP][39m [37m-->[39m [37mPOST[39m [37m/wd/hub/session/d21040b1-1dbe-4923-a15d-d67e41b50c9e/elements[39m
[35m[HTTP][39m [90m{"using":"-android uiautomator","value":"new UiSelector().className(\"android.widget.TextView\").text(\"23:25\")"}[39m
[35m[HTTP][39m [37m<-- POST /wd/hub/session/d21040b1-1dbe-4923-a15d-d67e41b50c9e/elements [39m[32m200[39m [90m60060 ms - 12[39m
[35m[HTTP][39m [90m[39m
[35m[HTTP][39m [37m-->[39m [37mPOST[39m [37m/wd/hub/session/d21040b1-1dbe-4923-a15d-d67e41b50c9e/elements[39m
[35m[HTTP][39m [90m{"using":"xpath","value":"//*[@class = 'android.widget.TextView' and (@text = '23:40' or . = '23:40')]"}[39m
[35m[HTTP][39m [37m<-- POST /wd/hub/session/d21040b1-1dbe-4923-a15d-d67e41b50c9e/elements [39m[32m200[39m [90m60229 ms - 12[39m
[35m[HTTP][39m [90m[39m
[35m[HTTP][39m [37m-->[39m [37mPOST[39m [37m/wd/hub/session/d21040b1-1dbe-4923-a15d-d67e41b50c9e/elements[39m
[35m[HTTP][39m [90m{"using":"-android uiautomator","value":"new UiSelector().className(\"android.widget.TextView\").text(\"23:40\")"}[39m
[35m[HTTP][39m [37m<-- POST /wd/hub/session/d21040b1-1dbe-4923-a15d-d67e41b50c9e/elements [39m[32m200[39m [90m60131 ms - 12[39m
[35m[HTTP][39m [90m[39m
[35m[HTTP][39m [37m-->[39m [37mPOST[39m [37m/wd/hub/session/d21040b1-1dbe-4923-a15d-d67e41b50c9e/elements[39m
[35m[HTTP][39m [90m{"using":"xpath","value":"//*[@class = 'android.view.ViewGroup' and (@text = '' or . = '')]"}[39m
[35m[HTTP][39m [37m<-- POST /wd/hub/session/d21040b1-1dbe-4923-a15d-d67e41b50c9e/elements [39m[32m200[39m [90m274 ms - 11019[39m
[35m[HTTP][39m [90m[39m
[35m[HTTP][39m [37m-->[39m [37mPOST[39m [37m/wd/hub/session/d21040b1-1dbe-4923-a15d-d67e41b50c9e/elements[39m
[35m[HTTP][39m [90m{"using":"-android uiautomator","value":"new UiSelector().className(\"android.view.ViewGroup\")"}[39m
[35m[HTTP][39m [37m<-- POST /wd/hub/session/d21040b1-1dbe-4923-a15d-d67e41b50c9e/elements [39m[32m200[39m [90m388 ms - 11019[39m
[35m[HTTP][39m [90m[39m
[35m[HTTP][39m [37m-->[39m [37mPOST[39m [37m/wd/hub/session/d21040b1-1dbe-4923-a15d-d67e41b50c9e/elements[39m
[35m[HTTP][39m [90m{"using":"xpath","value":"//*[@class = 'android.widget.TextView' and (@text = 'Others also bought' or . = 'Others also bought')]"}[39m
[35m[HTTP][39m [37m<-- POST /wd/hub/session/d21040b1-1dbe-4923-a15d-d67e41b50c9e/elements [39m[32m200[39m [90m230 ms - 139[39m
[35m[HTTP][39m [90m[39m
[35m[HTTP][39m [37m-->[39m [37mPOST[39m [37m/wd/hub/session/d21040b1-1dbe-4923-a15d-d67e41b50c9e/elements[39m
[35m[HTTP][39m [90m{"using":"xpath","value":"//*[@class = 'android.widget.TextView' and (@text = 'Others also bought' or . = 'Others also bought')]"}[39m
[35m[HTTP][39m [37m<-- POST /wd/hub/session/d21040b1-1dbe-4923-a15d-d67e41b50c9e/elements [39m[32m200[39m [90m258 ms - 139[39m
[35m[HTTP][39m [90m[39m
[35m[HTTP][39m [37m-->[39m [37mDELETE[39m [37m/wd/hub/session/d21040b1-1dbe-4923-a15d-d67e41b50c9e[39m
[35m[HTTP][39m [90m{}[39m
[35m[Appium][39m Removing session d21040b1-1dbe-4923-a15d-d67e41b50c9e from our master session list
[35m[UiAutomator2][39m Restoring hidden api policy to the device default configuration
[35m[HTTP][39m [37m<-- DELETE /wd/hub/session/d21040b1-1dbe-4923-a15d-d67e41b50c9e [39m[32m200[39m [90m705 ms - 14[39m
[35m[HTTP][39m [90m[39m
